<?xml version="1.0" encoding="UTF-8"?>
<testsuite name="com.viatick.bmsandroidsdk.ExampleUnitTest" tests="1" skipped="0" failures="0" errors="0" timestamp="2020-03-05T11:01:53" hostname="Minhs-iMac.local" time="0.0">
  <properties/>
  <testcase name="addition_isCorrect" classname="com.viatick.bmsandroidsdk.ExampleUnitTest" time="0.0"/>
  <system-out><![CDATA[]]></system-out>
  <system-err><![CDATA[]]></system-err>
</testsuite>
